{"/home/boyapatiharsha/revision/rest-countries-api-with-color-theme-switcher-master/src/App.jsx": {"path":"/home/boyapatiharsha/revision/rest-countries-api-with-color-theme-switcher-master/src/App.jsx","statementMap":{"0":{"start":{"line":14,"column":14},"end":{"line":23,"column":2}},"1":{"start":{"line":29,"column":26},"end":{"line":29,"column":38}},"2":{"start":{"line":31,"column":2},"end":{"line":43,"column":3}}},"fnMap":{"0":{"name":"App","decl":{"start":{"line":27,"column":9},"end":{"line":27,"column":12}},"loc":{"start":{"line":27,"column":15},"end":{"line":44,"column":1}},"line":27}},"branchMap":{},"s":{"0":1,"1":2,"2":2},"f":{"0":2},"b":{},"_coverageSchema":"1a1c01bbd47fc00a2c39e90264f33305004495a9","hash":"3e63e157b147b1ef6198fc879585b7520d599443"}
,"/home/boyapatiharsha/revision/rest-countries-api-with-color-theme-switcher-master/src/components/axios.js": {"path":"/home/boyapatiharsha/revision/rest-countries-api-with-color-theme-switcher-master/src/components/axios.js","statementMap":{"0":{"start":{"line":5,"column":12},"end":{"line":7,"column":2}}},"fnMap":{},"branchMap":{},"s":{"0":4},"f":{},"b":{},"_coverageSchema":"1a1c01bbd47fc00a2c39e90264f33305004495a9","hash":"779f123bd9376860a473eaa94ef906242f7b888d"}
,"/home/boyapatiharsha/revision/rest-countries-api-with-color-theme-switcher-master/src/components/helperCountryCode.js": {"path":"/home/boyapatiharsha/revision/rest-countries-api-with-color-theme-switcher-master/src/components/helperCountryCode.js","statementMap":{"0":{"start":{"line":3,"column":19},"end":{"line":249,"column":1}},"1":{"start":{"line":252,"column":4},"end":{"line":256,"column":5}},"2":{"start":{"line":253,"column":8},"end":{"line":253,"column":41}},"3":{"start":{"line":255,"column":8},"end":{"line":255,"column":27}}},"fnMap":{"0":{"name":"getCountryName","decl":{"start":{"line":251,"column":9},"end":{"line":251,"column":23}},"loc":{"start":{"line":251,"column":37},"end":{"line":257,"column":1}},"line":251}},"branchMap":{"0":{"loc":{"start":{"line":252,"column":4},"end":{"line":256,"column":5}},"type":"if","locations":[{"start":{"line":252,"column":4},"end":{"line":256,"column":5}},{"start":{"line":254,"column":11},"end":{"line":256,"column":5}}],"line":252}},"s":{"0":2,"1":6,"2":0,"3":6},"f":{"0":6},"b":{"0":[0,6]},"_coverageSchema":"1a1c01bbd47fc00a2c39e90264f33305004495a9","hash":"7657e4c173cdbe674795d8d1421ff49e22f86db2"}
,"/home/boyapatiharsha/revision/rest-countries-api-with-color-theme-switcher-master/src/components/Card/Cards.jsx": {"path":"/home/boyapatiharsha/revision/rest-countries-api-with-color-theme-switcher-master/src/components/Card/Cards.jsx","statementMap":{"0":{"start":{"line":10,"column":4},"end":{"line":47,"column":5}}},"fnMap":{"0":{"name":"Cards","decl":{"start":{"line":9,"column":24},"end":{"line":9,"column":29}},"loc":{"start":{"line":9,"column":77},"end":{"line":48,"column":1}},"line":9}},"branchMap":{},"s":{"0":0},"f":{"0":0},"b":{},"_coverageSchema":"1a1c01bbd47fc00a2c39e90264f33305004495a9","hash":"b6cd54547821ff54c67572e1d2df02506b1372f2"}
,"/home/boyapatiharsha/revision/rest-countries-api-with-color-theme-switcher-master/src/components/Content/Content.jsx": {"path":"/home/boyapatiharsha/revision/rest-countries-api-with-color-theme-switcher-master/src/components/Content/Content.jsx","statementMap":{"0":{"start":{"line":9,"column":14},"end":{"line":9,"column":64}},"1":{"start":{"line":15,"column":21},"end":{"line":15,"column":34}},"2":{"start":{"line":16,"column":32},"end":{"line":16,"column":44}},"3":{"start":{"line":17,"column":38},"end":{"line":17,"column":53}},"4":{"start":{"line":18,"column":42},"end":{"line":18,"column":54}},"5":{"start":{"line":19,"column":22},"end":{"line":19,"column":34}},"6":{"start":{"line":20,"column":42},"end":{"line":20,"column":56}},"7":{"start":{"line":22,"column":35},"end":{"line":24,"column":11}},"8":{"start":{"line":23,"column":8},"end":{"line":23,"column":31}},"9":{"start":{"line":26,"column":26},"end":{"line":28,"column":5}},"10":{"start":{"line":27,"column":8},"end":{"line":27,"column":41}},"11":{"start":{"line":31,"column":23},"end":{"line":41,"column":5}},"12":{"start":{"line":32,"column":8},"end":{"line":40,"column":9}},"13":{"start":{"line":33,"column":12},"end":{"line":33,"column":32}},"14":{"start":{"line":34,"column":24},"end":{"line":34,"column":47}},"15":{"start":{"line":35,"column":12},"end":{"line":35,"column":32}},"16":{"start":{"line":36,"column":12},"end":{"line":36,"column":33}},"17":{"start":{"line":38,"column":32},"end":{"line":38,"column":95}},"18":{"start":{"line":39,"column":12},"end":{"line":39,"column":33}},"19":{"start":{"line":42,"column":4},"end":{"line":44,"column":10}},"20":{"start":{"line":43,"column":8},"end":{"line":43,"column":21}},"21":{"start":{"line":46,"column":4},"end":{"line":79,"column":21}},"22":{"start":{"line":47,"column":8},"end":{"line":76,"column":9}},"23":{"start":{"line":48,"column":29},"end":{"line":67,"column":19}},"24":{"start":{"line":49,"column":16},"end":{"line":65,"column":17}},"25":{"start":{"line":50,"column":20},"end":{"line":59,"column":21}},"26":{"start":{"line":51,"column":24},"end":{"line":51,"column":56}},"27":{"start":{"line":53,"column":24},"end":{"line":58,"column":25}},"28":{"start":{"line":54,"column":28},"end":{"line":54,"column":48}},"29":{"start":{"line":55,"column":40},"end":{"line":55,"column":96}},"30":{"start":{"line":57,"column":28},"end":{"line":57,"column":48}},"31":{"start":{"line":61,"column":40},"end":{"line":61,"column":96}},"32":{"start":{"line":64,"column":20},"end":{"line":64,"column":41}},"33":{"start":{"line":69,"column":12},"end":{"line":71,"column":13}},"34":{"start":{"line":70,"column":16},"end":{"line":70,"column":39}},"35":{"start":{"line":74,"column":32},"end":{"line":74,"column":96}},"36":{"start":{"line":75,"column":12},"end":{"line":75,"column":33}},"37":{"start":{"line":81,"column":4},"end":{"line":108,"column":21}},"38":{"start":{"line":82,"column":8},"end":{"line":106,"column":9}},"39":{"start":{"line":83,"column":29},"end":{"line":97,"column":19}},"40":{"start":{"line":84,"column":16},"end":{"line":96,"column":17}},"41":{"start":{"line":85,"column":20},"end":{"line":95,"column":21}},"42":{"start":{"line":86,"column":24},"end":{"line":86,"column":56}},"43":{"start":{"line":87,"column":24},"end":{"line":87,"column":44}},"44":{"start":{"line":88,"column":36},"end":{"line":88,"column":75}},"45":{"start":{"line":90,"column":24},"end":{"line":90,"column":44}},"46":{"start":{"line":92,"column":44},"end":{"line":92,"column":138}},"47":{"start":{"line":94,"column":24},"end":{"line":94,"column":45}},"48":{"start":{"line":99,"column":12},"end":{"line":101,"column":13}},"49":{"start":{"line":100,"column":16},"end":{"line":100,"column":39}},"50":{"start":{"line":104,"column":32},"end":{"line":104,"column":98}},"51":{"start":{"line":105,"column":12},"end":{"line":105,"column":33}},"52":{"start":{"line":111,"column":4},"end":{"line":134,"column":5}},"53":{"start":{"line":119,"column":32},"end":{"line":127,"column":39}},"54":{"start":{"line":121,"column":36},"end":{"line":121,"column":57}},"55":{"start":{"line":122,"column":36},"end":{"line":122,"column":48}},"56":{"start":{"line":142,"column":85},"end":{"line":142,"column":37416}},"57":{"start":{"line":142,"column":89},"end":{"line":142,"column":37405}}},"fnMap":{"0":{"name":"Content","decl":{"start":{"line":14,"column":24},"end":{"line":14,"column":31}},"loc":{"start":{"line":14,"column":45},"end":{"line":135,"column":1}},"line":14},"1":{"name":"(anonymous_1)","decl":{"start":{"line":22,"column":46},"end":{"line":22,"column":47}},"loc":{"start":{"line":22,"column":60},"end":{"line":24,"column":5}},"line":22},"2":{"name":"(anonymous_2)","decl":{"start":{"line":26,"column":26},"end":{"line":26,"column":27}},"loc":{"start":{"line":26,"column":40},"end":{"line":28,"column":5}},"line":26},"3":{"name":"(anonymous_3)","decl":{"start":{"line":31,"column":23},"end":{"line":31,"column":24}},"loc":{"start":{"line":31,"column":35},"end":{"line":41,"column":5}},"line":31},"4":{"name":"(anonymous_4)","decl":{"start":{"line":42,"column":14},"end":{"line":42,"column":15}},"loc":{"start":{"line":42,"column":20},"end":{"line":44,"column":5}},"line":42},"5":{"name":"(anonymous_5)","decl":{"start":{"line":46,"column":14},"end":{"line":46,"column":15}},"loc":{"start":{"line":46,"column":20},"end":{"line":79,"column":5}},"line":46},"6":{"name":"(anonymous_6)","decl":{"start":{"line":48,"column":40},"end":{"line":48,"column":41}},"loc":{"start":{"line":48,"column":52},"end":{"line":67,"column":13}},"line":48},"7":{"name":"(anonymous_7)","decl":{"start":{"line":69,"column":19},"end":{"line":69,"column":20}},"loc":{"start":{"line":69,"column":25},"end":{"line":71,"column":13}},"line":69},"8":{"name":"(anonymous_8)","decl":{"start":{"line":81,"column":14},"end":{"line":81,"column":15}},"loc":{"start":{"line":81,"column":20},"end":{"line":108,"column":5}},"line":81},"9":{"name":"(anonymous_9)","decl":{"start":{"line":83,"column":40},"end":{"line":83,"column":41}},"loc":{"start":{"line":83,"column":52},"end":{"line":97,"column":13}},"line":83},"10":{"name":"(anonymous_10)","decl":{"start":{"line":99,"column":19},"end":{"line":99,"column":20}},"loc":{"start":{"line":99,"column":25},"end":{"line":101,"column":13}},"line":99},"11":{"name":"(anonymous_11)","decl":{"start":{"line":118,"column":40},"end":{"line":118,"column":41}},"loc":{"start":{"line":118,"column":56},"end":{"line":128,"column":29}},"line":118},"12":{"name":"(anonymous_12)","decl":{"start":{"line":119,"column":115},"end":{"line":119,"column":116}},"loc":{"start":{"line":119,"column":121},"end":{"line":123,"column":33}},"line":119},"13":{"name":"oo_cm","decl":{"start":{"line":142,"column":77},"end":{"line":142,"column":82}},"loc":{"start":{"line":142,"column":84},"end":{"line":142,"column":37417}},"line":142}},"branchMap":{"0":{"loc":{"start":{"line":50,"column":20},"end":{"line":59,"column":21}},"type":"if","locations":[{"start":{"line":50,"column":20},"end":{"line":59,"column":21}},{"start":{},"end":{}}],"line":50},"1":{"loc":{"start":{"line":50,"column":24},"end":{"line":50,"column":87}},"type":"binary-expr","locations":[{"start":{"line":50,"column":24},"end":{"line":50,"column":50}},{"start":{"line":50,"column":54},"end":{"line":50,"column":87}}],"line":50},"2":{"loc":{"start":{"line":53,"column":24},"end":{"line":58,"column":25}},"type":"if","locations":[{"start":{"line":53,"column":24},"end":{"line":58,"column":25}},{"start":{},"end":{}}],"line":53},"3":{"loc":{"start":{"line":84,"column":16},"end":{"line":96,"column":17}},"type":"if","locations":[{"start":{"line":84,"column":16},"end":{"line":96,"column":17}},{"start":{},"end":{}}],"line":84},"4":{"loc":{"start":{"line":84,"column":20},"end":{"line":84,"column":83}},"type":"binary-expr","locations":[{"start":{"line":84,"column":20},"end":{"line":84,"column":46}},{"start":{"line":84,"column":50},"end":{"line":84,"column":83}}],"line":84},"5":{"loc":{"start":{"line":114,"column":13},"end":{"line":131,"column":22}},"type":"cond-expr","locations":[{"start":{"line":114,"column":25},"end":{"line":114,"column":71}},{"start":{"line":115,"column":16},"end":{"line":131,"column":22}}],"line":114},"6":{"loc":{"start":{"line":142,"column":96},"end":{"line":142,"column":37404}},"type":"binary-expr","locations":[{"start":{"line":142,"column":96},"end":{"line":142,"column":133}},{"start":{"line":142,"column":137},"end":{"line":142,"column":37404}}],"line":142}},"s":{"0":2,"1":12,"2":12,"3":12,"4":12,"5":12,"6":12,"7":12,"8":9,"9":12,"10":9,"11":12,"12":3,"13":3,"14":3,"15":2,"16":2,"17":1,"18":1,"19":12,"20":3,"21":12,"22":3,"23":3,"24":1,"25":1,"26":1,"27":1,"28":0,"29":0,"30":0,"31":0,"32":1,"33":3,"34":3,"35":0,"36":0,"37":12,"38":4,"39":4,"40":1,"41":1,"42":1,"43":1,"44":1,"45":1,"46":0,"47":1,"48":4,"49":4,"50":0,"51":0,"52":12,"53":5,"54":1,"55":1,"56":1,"57":1},"f":{"0":12,"1":9,"2":9,"3":3,"4":3,"5":3,"6":1,"7":3,"8":4,"9":1,"10":4,"11":5,"12":1,"13":1},"b":{"0":[1,0],"1":[1,0],"2":[0,1],"3":[1,0],"4":[1,0],"5":[4,8],"6":[1,1]},"_coverageSchema":"1a1c01bbd47fc00a2c39e90264f33305004495a9","hash":"25bfea5df0cba2c890578f6bd41db8398801b0ba"}
,"/home/boyapatiharsha/revision/rest-countries-api-with-color-theme-switcher-master/src/components/Filter/Filter.jsx": {"path":"/home/boyapatiharsha/revision/rest-countries-api-with-color-theme-switcher-master/src/components/Filter/Filter.jsx","statementMap":{"0":{"start":{"line":7,"column":24},"end":{"line":17,"column":3}},"1":{"start":{"line":7,"column":58},"end":{"line":17,"column":1}},"2":{"start":{"line":21,"column":4},"end":{"line":57,"column":5}},"3":{"start":{"line":27,"column":20},"end":{"line":27,"column":51}},"4":{"start":{"line":27,"column":36},"end":{"line":27,"column":50}},"5":{"start":{"line":46,"column":20},"end":{"line":46,"column":44}},"6":{"start":{"line":52,"column":41},"end":{"line":54,"column":52}}},"fnMap":{"0":{"name":"(anonymous_0)","decl":{"start":{"line":7,"column":42},"end":{"line":7,"column":43}},"loc":{"start":{"line":7,"column":58},"end":{"line":17,"column":1}},"line":7},"1":{"name":"Filter","decl":{"start":{"line":19,"column":24},"end":{"line":19,"column":30}},"loc":{"start":{"line":19,"column":90},"end":{"line":58,"column":1}},"line":19},"2":{"name":"(anonymous_2)","decl":{"start":{"line":26,"column":26},"end":{"line":26,"column":27}},"loc":{"start":{"line":26,"column":33},"end":{"line":28,"column":17}},"line":26},"3":{"name":"(anonymous_3)","decl":{"start":{"line":27,"column":29},"end":{"line":27,"column":30}},"loc":{"start":{"line":27,"column":36},"end":{"line":27,"column":50}},"line":27},"4":{"name":"(anonymous_4)","decl":{"start":{"line":45,"column":26},"end":{"line":45,"column":27}},"loc":{"start":{"line":45,"column":43},"end":{"line":47,"column":17}},"line":45},"5":{"name":"(anonymous_5)","decl":{"start":{"line":52,"column":29},"end":{"line":52,"column":30}},"loc":{"start":{"line":52,"column":41},"end":{"line":54,"column":52}},"line":52}},"branchMap":{},"s":{"0":2,"1":11,"2":11,"3":1,"4":1,"5":0,"6":14},"f":{"0":11,"1":11,"2":1,"3":1,"4":0,"5":14},"b":{},"_coverageSchema":"1a1c01bbd47fc00a2c39e90264f33305004495a9","hash":"60df3a7a7e51493161c58ead4d7a11540eb4ad79"}
,"/home/boyapatiharsha/revision/rest-countries-api-with-color-theme-switcher-master/src/components/Header/Header.jsx": {"path":"/home/boyapatiharsha/revision/rest-countries-api-with-color-theme-switcher-master/src/components/Header/Header.jsx","statementMap":{"0":{"start":{"line":11,"column":4},"end":{"line":25,"column":5}}},"fnMap":{"0":{"name":"Header","decl":{"start":{"line":10,"column":24},"end":{"line":10,"column":30}},"loc":{"start":{"line":10,"column":33},"end":{"line":26,"column":1}},"line":10}},"branchMap":{},"s":{"0":0},"f":{"0":0},"b":{},"_coverageSchema":"1a1c01bbd47fc00a2c39e90264f33305004495a9","hash":"d0467d79cca49942507a4958e1a9f6cfa8bc3882"}
,"/home/boyapatiharsha/revision/rest-countries-api-with-color-theme-switcher-master/src/components/Page2/Page2.jsx": {"path":"/home/boyapatiharsha/revision/rest-countries-api-with-color-theme-switcher-master/src/components/Page2/Page2.jsx","statementMap":{"0":{"start":{"line":11,"column":4},"end":{"line":20,"column":5}},"1":{"start":{"line":13,"column":23},"end":{"line":15,"column":10}},"2":{"start":{"line":14,"column":12},"end":{"line":14,"column":40}},"3":{"start":{"line":17,"column":8},"end":{"line":17,"column":24}},"4":{"start":{"line":19,"column":28},"end":{"line":19,"column":91}},"5":{"start":{"line":24,"column":12},"end":{"line":24,"column":74}},"6":{"start":{"line":25,"column":12},"end":{"line":25,"column":54}},"7":{"start":{"line":28,"column":4},"end":{"line":63,"column":5}},"8":{"start":{"line":29,"column":8},"end":{"line":30,"column":22}},"9":{"start":{"line":30,"column":12},"end":{"line":30,"column":22}},"10":{"start":{"line":31,"column":21},"end":{"line":59,"column":10}},"11":{"start":{"line":33,"column":12},"end":{"line":53,"column":13}},"12":{"start":{"line":34,"column":16},"end":{"line":39,"column":17}},"13":{"start":{"line":35,"column":20},"end":{"line":35,"column":71}},"14":{"start":{"line":37,"column":33},"end":{"line":37,"column":65}},"15":{"start":{"line":38,"column":20},"end":{"line":38,"column":75}},"16":{"start":{"line":41,"column":17},"end":{"line":53,"column":13}},"17":{"start":{"line":42,"column":16},"end":{"line":42,"column":46}},"18":{"start":{"line":44,"column":17},"end":{"line":53,"column":13}},"19":{"start":{"line":45,"column":29},"end":{"line":45,"column":51}},"20":{"start":{"line":46,"column":16},"end":{"line":46,"column":43}},"21":{"start":{"line":48,"column":17},"end":{"line":53,"column":13}},"22":{"start":{"line":49,"column":16},"end":{"line":49,"column":60}},"23":{"start":{"line":52,"column":16},"end":{"line":52,"column":34}},"24":{"start":{"line":54,"column":23},"end":{"line":55,"column":76}},"25":{"start":{"line":55,"column":48},"end":{"line":55,"column":73}},"26":{"start":{"line":58,"column":12},"end":{"line":58,"column":34}},"27":{"start":{"line":60,"column":8},"end":{"line":60,"column":22}},"28":{"start":{"line":62,"column":28},"end":{"line":62,"column":91}},"29":{"start":{"line":71,"column":21},"end":{"line":71,"column":34}},"30":{"start":{"line":72,"column":30},"end":{"line":74,"column":5}},"31":{"start":{"line":73,"column":8},"end":{"line":73,"column":22}},"32":{"start":{"line":75,"column":31},"end":{"line":84,"column":5}},"33":{"start":{"line":76,"column":8},"end":{"line":83,"column":9}},"34":{"start":{"line":77,"column":24},"end":{"line":77,"column":78}},"35":{"start":{"line":79,"column":12},"end":{"line":79,"column":33}},"36":{"start":{"line":82,"column":32},"end":{"line":82,"column":96}},"37":{"start":{"line":85,"column":4},"end":{"line":89,"column":10}},"38":{"start":{"line":86,"column":8},"end":{"line":88,"column":9}},"39":{"start":{"line":87,"column":12},"end":{"line":87,"column":26}},"40":{"start":{"line":92,"column":4},"end":{"line":150,"column":5}},"41":{"start":{"line":111,"column":40},"end":{"line":116,"column":41}},"42":{"start":{"line":124,"column":40},"end":{"line":129,"column":41}},"43":{"start":{"line":142,"column":36},"end":{"line":142,"column":198}},"44":{"start":{"line":142,"column":112},"end":{"line":142,"column":136}},"45":{"start":{"line":158,"column":85},"end":{"line":158,"column":37416}},"46":{"start":{"line":158,"column":89},"end":{"line":158,"column":37405}}},"fnMap":{"0":{"name":"findName","decl":{"start":{"line":10,"column":9},"end":{"line":10,"column":17}},"loc":{"start":{"line":10,"column":23},"end":{"line":22,"column":1}},"line":10},"1":{"name":"(anonymous_1)","decl":{"start":{"line":13,"column":32},"end":{"line":13,"column":33}},"loc":{"start":{"line":13,"column":42},"end":{"line":15,"column":9}},"line":13},"2":{"name":"dataProcessing","decl":{"start":{"line":27,"column":9},"end":{"line":27,"column":23}},"loc":{"start":{"line":27,"column":35},"end":{"line":65,"column":1}},"line":27},"3":{"name":"(anonymous_3)","decl":{"start":{"line":31,"column":30},"end":{"line":31,"column":31}},"loc":{"start":{"line":31,"column":37},"end":{"line":59,"column":9}},"line":31},"4":{"name":"(anonymous_4)","decl":{"start":{"line":55,"column":31},"end":{"line":55,"column":32}},"loc":{"start":{"line":55,"column":46},"end":{"line":55,"column":75}},"line":55},"5":{"name":"Page2","decl":{"start":{"line":69,"column":24},"end":{"line":69,"column":29}},"loc":{"start":{"line":69,"column":49},"end":{"line":151,"column":1}},"line":69},"6":{"name":"(anonymous_6)","decl":{"start":{"line":72,"column":30},"end":{"line":72,"column":31}},"loc":{"start":{"line":72,"column":36},"end":{"line":74,"column":5}},"line":72},"7":{"name":"(anonymous_7)","decl":{"start":{"line":75,"column":31},"end":{"line":75,"column":32}},"loc":{"start":{"line":75,"column":47},"end":{"line":84,"column":5}},"line":75},"8":{"name":"(anonymous_8)","decl":{"start":{"line":85,"column":14},"end":{"line":85,"column":15}},"loc":{"start":{"line":85,"column":20},"end":{"line":89,"column":5}},"line":85},"9":{"name":"(anonymous_9)","decl":{"start":{"line":110,"column":69},"end":{"line":110,"column":70}},"loc":{"start":{"line":110,"column":85},"end":{"line":117,"column":37}},"line":110},"10":{"name":"(anonymous_10)","decl":{"start":{"line":123,"column":69},"end":{"line":123,"column":70}},"loc":{"start":{"line":123,"column":85},"end":{"line":130,"column":37}},"line":123},"11":{"name":"(anonymous_11)","decl":{"start":{"line":141,"column":61},"end":{"line":141,"column":62}},"loc":{"start":{"line":141,"column":78},"end":{"line":143,"column":33}},"line":141},"12":{"name":"(anonymous_12)","decl":{"start":{"line":142,"column":106},"end":{"line":142,"column":107}},"loc":{"start":{"line":142,"column":112},"end":{"line":142,"column":136}},"line":142},"13":{"name":"oo_cm","decl":{"start":{"line":158,"column":77},"end":{"line":158,"column":82}},"loc":{"start":{"line":158,"column":84},"end":{"line":158,"column":37417}},"line":158}},"branchMap":{"0":{"loc":{"start":{"line":29,"column":8},"end":{"line":30,"column":22}},"type":"if","locations":[{"start":{"line":29,"column":8},"end":{"line":30,"column":22}},{"start":{},"end":{}}],"line":29},"1":{"loc":{"start":{"line":29,"column":12},"end":{"line":29,"column":51}},"type":"binary-expr","locations":[{"start":{"line":29,"column":12},"end":{"line":29,"column":17}},{"start":{"line":29,"column":21},"end":{"line":29,"column":51}}],"line":29},"2":{"loc":{"start":{"line":33,"column":12},"end":{"line":53,"column":13}},"type":"if","locations":[{"start":{"line":33,"column":12},"end":{"line":53,"column":13}},{"start":{"line":41,"column":17},"end":{"line":53,"column":13}}],"line":33},"3":{"loc":{"start":{"line":34,"column":16},"end":{"line":39,"column":17}},"type":"if","locations":[{"start":{"line":34,"column":16},"end":{"line":39,"column":17}},{"start":{"line":36,"column":21},"end":{"line":39,"column":17}}],"line":34},"4":{"loc":{"start":{"line":41,"column":17},"end":{"line":53,"column":13}},"type":"if","locations":[{"start":{"line":41,"column":17},"end":{"line":53,"column":13}},{"start":{"line":44,"column":17},"end":{"line":53,"column":13}}],"line":41},"5":{"loc":{"start":{"line":44,"column":17},"end":{"line":53,"column":13}},"type":"if","locations":[{"start":{"line":44,"column":17},"end":{"line":53,"column":13}},{"start":{"line":48,"column":17},"end":{"line":53,"column":13}}],"line":44},"6":{"loc":{"start":{"line":48,"column":17},"end":{"line":53,"column":13}},"type":"if","locations":[{"start":{"line":48,"column":17},"end":{"line":53,"column":13}},{"start":{"line":51,"column":17},"end":{"line":53,"column":13}}],"line":48},"7":{"loc":{"start":{"line":86,"column":8},"end":{"line":88,"column":9}},"type":"if","locations":[{"start":{"line":86,"column":8},"end":{"line":88,"column":9}},{"start":{},"end":{}}],"line":86},"8":{"loc":{"start":{"line":86,"column":12},"end":{"line":86,"column":51}},"type":"binary-expr","locations":[{"start":{"line":86,"column":12},"end":{"line":86,"column":17}},{"start":{"line":86,"column":21},"end":{"line":86,"column":51}}],"line":86},"9":{"loc":{"start":{"line":158,"column":96},"end":{"line":158,"column":37404}},"type":"binary-expr","locations":[{"start":{"line":158,"column":96},"end":{"line":158,"column":133}},{"start":{"line":158,"column":137},"end":{"line":158,"column":37404}}],"line":158}},"s":{"0":3,"1":3,"2":6,"3":3,"4":0,"5":2,"6":2,"7":6,"8":6,"9":0,"10":6,"11":24,"12":3,"13":2,"14":1,"15":1,"16":21,"17":3,"18":18,"19":3,"20":3,"21":15,"22":3,"23":12,"24":24,"25":24,"26":24,"27":6,"28":0,"29":3,"30":3,"31":1,"32":3,"33":1,"34":1,"35":1,"36":0,"37":3,"38":2,"39":0,"40":3,"41":15,"42":9,"43":6,"44":1,"45":0,"46":0},"f":{"0":3,"1":6,"2":6,"3":24,"4":24,"5":3,"6":1,"7":1,"8":2,"9":15,"10":9,"11":6,"12":1,"13":0},"b":{"0":[0,6],"1":[6,6],"2":[3,21],"3":[2,1],"4":[3,18],"5":[3,15],"6":[3,12],"7":[0,2],"8":[2,2],"9":[0,0]},"_coverageSchema":"1a1c01bbd47fc00a2c39e90264f33305004495a9","hash":"e7610c6ed5404fc1e88b98777d1ae0d33fb6845c"}
}
