TN:
SF:src/App.jsx
FN:27,App
FNF:1
FNH:1
FNDA:2,App
DA:14,1
DA:29,2
DA:31,2
LF:3
LH:3
BRF:0
BRH:0
end_of_record
TN:
SF:src/components/axios.js
FNF:0
FNH:0
DA:5,4
LF:1
LH:1
BRF:0
BRH:0
end_of_record
TN:
SF:src/components/helperCountryCode.js
FN:251,getCountryName
FNF:1
FNH:1
FNDA:6,getCountryName
DA:3,2
DA:252,6
DA:253,0
DA:255,6
LF:4
LH:3
BRDA:252,0,0,0
BRDA:252,0,1,6
BRF:2
BRH:1
end_of_record
TN:
SF:src/components/Card/Cards.jsx
FN:9,Cards
FNF:1
FNH:0
FNDA:0,Cards
DA:10,0
LF:1
LH:0
BRF:0
BRH:0
end_of_record
TN:
SF:src/components/Content/Content.jsx
FN:14,Content
FN:22,(anonymous_1)
FN:26,(anonymous_2)
FN:31,(anonymous_3)
FN:42,(anonymous_4)
FN:46,(anonymous_5)
FN:48,(anonymous_6)
FN:69,(anonymous_7)
FN:81,(anonymous_8)
FN:83,(anonymous_9)
FN:99,(anonymous_10)
FN:118,(anonymous_11)
FN:119,(anonymous_12)
FN:142,oo_cm
FNF:14
FNH:14
FNDA:12,Content
FNDA:9,(anonymous_1)
FNDA:9,(anonymous_2)
FNDA:3,(anonymous_3)
FNDA:3,(anonymous_4)
FNDA:3,(anonymous_5)
FNDA:1,(anonymous_6)
FNDA:3,(anonymous_7)
FNDA:4,(anonymous_8)
FNDA:1,(anonymous_9)
FNDA:4,(anonymous_10)
FNDA:5,(anonymous_11)
FNDA:1,(anonymous_12)
FNDA:1,oo_cm
DA:9,2
DA:15,12
DA:16,12
DA:17,12
DA:18,12
DA:19,12
DA:20,12
DA:22,12
DA:23,9
DA:26,12
DA:27,9
DA:31,12
DA:32,3
DA:33,3
DA:34,3
DA:35,2
DA:36,2
DA:38,1
DA:39,1
DA:42,12
DA:43,3
DA:46,12
DA:47,3
DA:48,3
DA:49,1
DA:50,1
DA:51,1
DA:53,1
DA:54,0
DA:55,0
DA:57,0
DA:61,0
DA:64,1
DA:69,3
DA:70,3
DA:74,0
DA:75,0
DA:81,12
DA:82,4
DA:83,4
DA:84,1
DA:85,1
DA:86,1
DA:87,1
DA:88,1
DA:90,1
DA:92,0
DA:94,1
DA:99,4
DA:100,4
DA:104,0
DA:105,0
DA:111,12
DA:119,5
DA:121,1
DA:122,1
DA:142,1
LF:57
LH:48
BRDA:50,0,0,1
BRDA:50,0,1,0
BRDA:50,1,0,1
BRDA:50,1,1,0
BRDA:53,2,0,0
BRDA:53,2,1,1
BRDA:84,3,0,1
BRDA:84,3,1,0
BRDA:84,4,0,1
BRDA:84,4,1,0
BRDA:114,5,0,4
BRDA:114,5,1,8
BRDA:142,6,0,1
BRDA:142,6,1,1
BRF:14
BRH:9
end_of_record
TN:
SF:src/components/Filter/Filter.jsx
FN:7,(anonymous_0)
FN:19,Filter
FN:26,(anonymous_2)
FN:27,(anonymous_3)
FN:45,(anonymous_4)
FN:52,(anonymous_5)
FNF:6
FNH:5
FNDA:11,(anonymous_0)
FNDA:11,Filter
FNDA:1,(anonymous_2)
FNDA:1,(anonymous_3)
FNDA:0,(anonymous_4)
FNDA:14,(anonymous_5)
DA:7,11
DA:21,11
DA:27,1
DA:46,0
DA:52,14
LF:5
LH:4
BRF:0
BRH:0
end_of_record
TN:
SF:src/components/Header/Header.jsx
FN:10,Header
FNF:1
FNH:0
FNDA:0,Header
DA:11,0
LF:1
LH:0
BRF:0
BRH:0
end_of_record
TN:
SF:src/components/Page2/Page2.jsx
FN:10,findName
FN:13,(anonymous_1)
FN:27,dataProcessing
FN:31,(anonymous_3)
FN:55,(anonymous_4)
FN:69,Page2
FN:72,(anonymous_6)
FN:75,(anonymous_7)
FN:85,(anonymous_8)
FN:110,(anonymous_9)
FN:123,(anonymous_10)
FN:141,(anonymous_11)
FN:142,(anonymous_12)
FN:158,oo_cm
FNF:14
FNH:13
FNDA:3,findName
FNDA:6,(anonymous_1)
FNDA:6,dataProcessing
FNDA:24,(anonymous_3)
FNDA:24,(anonymous_4)
FNDA:3,Page2
FNDA:1,(anonymous_6)
FNDA:1,(anonymous_7)
FNDA:2,(anonymous_8)
FNDA:15,(anonymous_9)
FNDA:9,(anonymous_10)
FNDA:6,(anonymous_11)
FNDA:1,(anonymous_12)
FNDA:0,oo_cm
DA:11,3
DA:13,3
DA:14,6
DA:17,3
DA:19,0
DA:24,2
DA:25,2
DA:28,6
DA:29,6
DA:30,0
DA:31,6
DA:33,24
DA:34,3
DA:35,2
DA:37,1
DA:38,1
DA:41,21
DA:42,3
DA:44,18
DA:45,3
DA:46,3
DA:48,15
DA:49,3
DA:52,12
DA:54,24
DA:55,24
DA:58,24
DA:60,6
DA:62,0
DA:71,3
DA:72,3
DA:73,1
DA:75,3
DA:76,1
DA:77,1
DA:79,1
DA:82,0
DA:85,3
DA:86,2
DA:87,0
DA:92,3
DA:111,15
DA:124,9
DA:142,6
DA:158,0
LF:45
LH:39
BRDA:29,0,0,0
BRDA:29,0,1,6
BRDA:29,1,0,6
BRDA:29,1,1,6
BRDA:33,2,0,3
BRDA:33,2,1,21
BRDA:34,3,0,2
BRDA:34,3,1,1
BRDA:41,4,0,3
BRDA:41,4,1,18
BRDA:44,5,0,3
BRDA:44,5,1,15
BRDA:48,6,0,3
BRDA:48,6,1,12
BRDA:86,7,0,0
BRDA:86,7,1,2
BRDA:86,8,0,2
BRDA:86,8,1,2
BRDA:158,9,0,0
BRDA:158,9,1,0
BRF:20
BRH:16
end_of_record
